0 info it worked if it ends with ok
1 verbose cli [ 'C:\\Program Files\\nodejs\\node.exe',
1 verbose cli   'C:\\Program Files\\nodejs\\node_modules\\npm\\bin\\npm-cli.js',
1 verbose cli   'i',
1 verbose cli   '--save',
1 verbose cli   '@angular/cdk',
1 verbose cli   '@angular/materials' ]
2 info using npm@3.10.10
3 info using node@v6.11.3
4 silly loadCurrentTree Starting
5 silly install loadCurrentTree
6 silly install readLocalPackageData
7 silly fetchPackageMetaData @angular/cdk
8 silly fetchPackageMetaData @angular/materials
9 silly fetchNamedPackageData @angular/cdk
10 silly mapToRegistry name @angular/cdk
11 silly mapToRegistry scope (from package name) @angular
12 verbose mapToRegistry no registry URL found in name for scope @angular
13 silly mapToRegistry using default registry
14 silly mapToRegistry registry https://registry.npmjs.org/
15 silly mapToRegistry data Result {
15 silly mapToRegistry   raw: '@angular/cdk',
15 silly mapToRegistry   scope: '@angular',
15 silly mapToRegistry   escapedName: '@angular%2fcdk',
15 silly mapToRegistry   name: '@angular/cdk',
15 silly mapToRegistry   rawSpec: '',
15 silly mapToRegistry   spec: 'latest',
15 silly mapToRegistry   type: 'tag' }
16 silly mapToRegistry uri https://registry.npmjs.org/@angular%2fcdk
17 silly fetchNamedPackageData @angular/materials
18 silly mapToRegistry name @angular/materials
19 silly mapToRegistry scope (from package name) @angular
20 verbose mapToRegistry no registry URL found in name for scope @angular
21 silly mapToRegistry using default registry
22 silly mapToRegistry registry https://registry.npmjs.org/
23 silly mapToRegistry data Result {
23 silly mapToRegistry   raw: '@angular/materials',
23 silly mapToRegistry   scope: '@angular',
23 silly mapToRegistry   escapedName: '@angular%2fmaterials',
23 silly mapToRegistry   name: '@angular/materials',
23 silly mapToRegistry   rawSpec: '',
23 silly mapToRegistry   spec: 'latest',
23 silly mapToRegistry   type: 'tag' }
24 silly mapToRegistry uri https://registry.npmjs.org/@angular%2fmaterials
25 verbose request uri https://registry.npmjs.org/@angular%2fmaterials
26 verbose request no auth needed
27 info attempt registry request try #1 at 11:19:46
28 verbose request id 0192e8532c69df63
29 http request GET https://registry.npmjs.org/@angular%2fmaterials
30 verbose request uri https://registry.npmjs.org/@angular%2fcdk
31 verbose request no auth needed
32 info attempt registry request try #1 at 11:19:46
33 verbose etag W/"59c43abd-17cc"
34 verbose lastModified Thu, 21 Sep 2017 22:18:37 GMT
35 http request GET https://registry.npmjs.org/@angular%2fcdk
36 http 304 https://registry.npmjs.org/@angular%2fcdk
37 verbose headers { date: 'Fri, 22 Sep 2017 16:19:47 GMT',
37 verbose headers   via: '1.1 varnish',
37 verbose headers   'cache-control': 'max-age=0',
37 verbose headers   etag: 'W/"59c43abd-17cc"',
37 verbose headers   age: '0',
37 verbose headers   connection: 'keep-alive',
37 verbose headers   'x-served-by': 'cache-atl6246-ATL',
37 verbose headers   'x-cache': 'MISS',
37 verbose headers   'x-cache-hits': '0',
37 verbose headers   'x-timer': 'S1506097187.375812,VS0,VE480',
37 verbose headers   vary: 'Accept-Encoding' }
38 silly get cb [ 304,
38 silly get   { date: 'Fri, 22 Sep 2017 16:19:47 GMT',
38 silly get     via: '1.1 varnish',
38 silly get     'cache-control': 'max-age=0',
38 silly get     etag: 'W/"59c43abd-17cc"',
38 silly get     age: '0',
38 silly get     connection: 'keep-alive',
38 silly get     'x-served-by': 'cache-atl6246-ATL',
38 silly get     'x-cache': 'MISS',
38 silly get     'x-cache-hits': '0',
38 silly get     'x-timer': 'S1506097187.375812,VS0,VE480',
38 silly get     vary: 'Accept-Encoding' } ]
39 verbose etag https://registry.npmjs.org/@angular%2fcdk from cache
40 verbose get saving @angular/cdk to C:\Users\Sebastian\AppData\Roaming\npm-cache\registry.npmjs.org\_40angular_252fcdk\.cache.json
41 verbose correctMkdir C:\Users\Sebastian\AppData\Roaming\npm-cache correctMkdir not in flight; initializing
42 http 404 https://registry.npmjs.org/@angular%2fmaterials
43 verbose headers { 'content-type': 'application/json',
43 verbose headers   'cache-control': 'max-age=0',
43 verbose headers   'content-length': '21',
43 verbose headers   'accept-ranges': 'bytes',
43 verbose headers   date: 'Fri, 22 Sep 2017 16:19:47 GMT',
43 verbose headers   via: '1.1 varnish',
43 verbose headers   age: '0',
43 verbose headers   connection: 'keep-alive',
43 verbose headers   'x-served-by': 'cache-atl6238-ATL',
43 verbose headers   'x-cache': 'MISS',
43 verbose headers   'x-cache-hits': '0',
43 verbose headers   'x-timer': 'S1506097187.381360,VS0,VE513' }
44 silly get cb [ 404,
44 silly get   { 'content-type': 'application/json',
44 silly get     'cache-control': 'max-age=0',
44 silly get     'content-length': '21',
44 silly get     'accept-ranges': 'bytes',
44 silly get     date: 'Fri, 22 Sep 2017 16:19:47 GMT',
44 silly get     via: '1.1 varnish',
44 silly get     age: '0',
44 silly get     connection: 'keep-alive',
44 silly get     'x-served-by': 'cache-atl6238-ATL',
44 silly get     'x-cache': 'MISS',
44 silly get     'x-cache-hits': '0',
44 silly get     'x-timer': 'S1506097187.381360,VS0,VE513' } ]
45 silly fetchPackageMetaData Error: Not found : @angular/materials
45 silly fetchPackageMetaData     at makeError (C:\Program Files\nodejs\node_modules\npm\node_modules\npm-registry-client\lib\request.js:302:12)
45 silly fetchPackageMetaData     at CachingRegistryClient.<anonymous> (C:\Program Files\nodejs\node_modules\npm\node_modules\npm-registry-client\lib\request.js:290:14)
45 silly fetchPackageMetaData     at Request._callback (C:\Program Files\nodejs\node_modules\npm\node_modules\npm-registry-client\lib\request.js:210:14)
45 silly fetchPackageMetaData     at Request.self.callback (C:\Program Files\nodejs\node_modules\npm\node_modules\request\request.js:187:22)
45 silly fetchPackageMetaData     at emitTwo (events.js:106:13)
45 silly fetchPackageMetaData     at Request.emit (events.js:191:7)
45 silly fetchPackageMetaData     at Request.<anonymous> (C:\Program Files\nodejs\node_modules\npm\node_modules\request\request.js:1048:10)
45 silly fetchPackageMetaData     at emitOne (events.js:96:13)
45 silly fetchPackageMetaData     at Request.emit (events.js:188:7)
45 silly fetchPackageMetaData     at IncomingMessage.<anonymous> (C:\Program Files\nodejs\node_modules\npm\node_modules\request\request.js:969:12)
45 silly fetchPackageMetaData  error for @angular/materials { Error: Not found : @angular/materials
45 silly fetchPackageMetaData     at makeError (C:\Program Files\nodejs\node_modules\npm\node_modules\npm-registry-client\lib\request.js:302:12)
45 silly fetchPackageMetaData     at CachingRegistryClient.<anonymous> (C:\Program Files\nodejs\node_modules\npm\node_modules\npm-registry-client\lib\request.js:290:14)
45 silly fetchPackageMetaData     at Request._callback (C:\Program Files\nodejs\node_modules\npm\node_modules\npm-registry-client\lib\request.js:210:14)
45 silly fetchPackageMetaData     at Request.self.callback (C:\Program Files\nodejs\node_modules\npm\node_modules\request\request.js:187:22)
45 silly fetchPackageMetaData     at emitTwo (events.js:106:13)
45 silly fetchPackageMetaData     at Request.emit (events.js:191:7)
45 silly fetchPackageMetaData     at Request.<anonymous> (C:\Program Files\nodejs\node_modules\npm\node_modules\request\request.js:1048:10)
45 silly fetchPackageMetaData     at emitOne (events.js:96:13)
45 silly fetchPackageMetaData     at Request.emit (events.js:188:7)
45 silly fetchPackageMetaData     at IncomingMessage.<anonymous> (C:\Program Files\nodejs\node_modules\npm\node_modules\request\request.js:969:12) pkgid: '@angular/materials', statusCode: 404, code: 'E404' }
46 silly rollbackFailedOptional Starting
47 silly rollbackFailedOptional Finishing
48 silly runTopLevelLifecycles Finishing
49 silly install printInstalled
50 verbose stack Error: Not found : @angular/materials
50 verbose stack     at makeError (C:\Program Files\nodejs\node_modules\npm\node_modules\npm-registry-client\lib\request.js:302:12)
50 verbose stack     at CachingRegistryClient.<anonymous> (C:\Program Files\nodejs\node_modules\npm\node_modules\npm-registry-client\lib\request.js:290:14)
50 verbose stack     at Request._callback (C:\Program Files\nodejs\node_modules\npm\node_modules\npm-registry-client\lib\request.js:210:14)
50 verbose stack     at Request.self.callback (C:\Program Files\nodejs\node_modules\npm\node_modules\request\request.js:187:22)
50 verbose stack     at emitTwo (events.js:106:13)
50 verbose stack     at Request.emit (events.js:191:7)
50 verbose stack     at Request.<anonymous> (C:\Program Files\nodejs\node_modules\npm\node_modules\request\request.js:1048:10)
50 verbose stack     at emitOne (events.js:96:13)
50 verbose stack     at Request.emit (events.js:188:7)
50 verbose stack     at IncomingMessage.<anonymous> (C:\Program Files\nodejs\node_modules\npm\node_modules\request\request.js:969:12)
51 verbose statusCode 404
52 verbose pkgid @angular/materials
53 verbose cwd C:\Users\Sebastian\Desktop\FormCreateClient
54 error Windows_NT 10.0.15063
55 error argv "C:\\Program Files\\nodejs\\node.exe" "C:\\Program Files\\nodejs\\node_modules\\npm\\bin\\npm-cli.js" "i" "--save" "@angular/cdk" "@angular/materials"
56 error node v6.11.3
57 error npm  v3.10.10
58 error code E404
59 error 404 Not found : @angular/materials
60 error 404
61 error 404 '@angular/materials' is not in the npm registry.
62 error 404 You should bug the author to publish it (or use the name yourself!)
63 error 404 Note that you can also install from a
64 error 404 tarball, folder, http url, or git url.
65 verbose exit [ 1, true ]
